#
# There is insufficient memory for the Java Runtime Environment to continue.
# Native memory allocation (malloc) failed to allocate 1048576 bytes for AllocateHeap
# Possible reasons:
#   The system is out of physical RAM or swap space
#   In 32 bit mode, the process size limit was hit
# Possible solutions:
#   Reduce memory load on the system
#   Increase physical memory or swap space
#   Check if swap backing store is full
#   Use 64 bit Java on a 64 bit OS
#   Decrease Java heap size (-Xmx/-Xms)
#   Decrease number of Java threads
#   Decrease Java thread stack sizes (-Xss)
#   Set larger code cache with -XX:ReservedCodeCacheSize=
# This output file may be truncated or incomplete.
#
#  Out of Memory Error (memory/allocation.inline.hpp:61), pid=9904, tid=0x0000000000001358
#
# JRE version:  (8.0_112-b06) (build )
# Java VM: OpenJDK 64-Bit Server VM (25.112-b06 mixed mode windows-amd64 compressed oops)
# Failed to write core dump. Minidumps are not enabled by default on client versions of Windows
#

---------------  T H R E A D  ---------------

Current thread (0x0000000004c50800):  JavaThread "Unknown thread" [_thread_in_vm, id=4952, stack(0x0000000004b00000,0x0000000004c00000)]

Stack: [0x0000000004b00000,0x0000000004c00000]
[error occurred during error reporting (printing stack bounds), id 0xc0000005]

Native frames: (J=compiled Java code, j=interpreted, Vv=VM code, C=native code)


---------------  P R O C E S S  ---------------

Java Threads: ( => current thread )

Other Threads:

=>0x0000000004c50800 (exited) JavaThread "Unknown thread" [_thread_in_vm, id=4952, stack(0x0000000004b00000,0x0000000004c00000)]

VM state:not at safepoint (normal execution)

VM Mutex/Monitor currently owned by a thread: None

Heap:
 PSYoungGen      total 18432K, used 317K [0x00000000eab00000, 0x00000000ebf80000, 0x0000000100000000)
  eden space 15872K, 2% used [0x00000000eab00000,0x00000000eab4f5d0,0x00000000eba80000)
  from space 2560K, 0% used [0x00000000ebd00000,0x00000000ebd00000,0x00000000ebf80000)
  to   space 2560K, 0% used [0x00000000eba80000,0x00000000eba80000,0x00000000ebd00000)
 ParOldGen       total 42496K, used 0K [0x00000000c0000000, 0x00000000c2980000, 0x00000000eab00000)
  object space 42496K, 0% used [0x00000000c0000000,0x00000000c0000000,0x00000000c2980000)
 Metaspace       used 772K, capacity 4480K, committed 4480K, reserved 1056768K
  class space    used 73K, capacity 384K, committed 384K, reserved 1048576K

Card table byte_map: [0x0000000014110000,0x0000000014320000] byte_map_base: 0x0000000013b10000

Marking Bits: (ParMarkBitMap*) 0x0000000054f118f0
 Begin Bits: [0x0000000014880000, 0x0000000015880000)
 End Bits:   [0x0000000015880000, 0x0000000016880000)

Polling page: 0x0000000004c00000

CodeCache: size=245760Kb used=328Kb max_used=328Kb free=245431Kb
 bounds [0x0000000004d50000, 0x0000000004fc0000, 0x0000000013d50000]
 total_blobs=57 nmethods=0 adapters=38
 compilation: enabled

Compilation events (0 events):
No events

GC Heap History (0 events):
No events

Deoptimization events (0 events):
No events

Internal exceptions (0 events):
No events

Events (10 events):
Event: 0.054 loading class java/lang/Short
Event: 0.054 loading class java/lang/Short done
Event: 0.054 loading class java/lang/Integer
Event: 0.054 loading class java/lang/Integer done
Event: 0.054 loading class java/lang/Long
Event: 0.055 loading class java/lang/Long done
Event: 0.071 loading class java/lang/NullPointerException
Event: 0.071 loading class java/lang/NullPointerException done
Event: 0.071 loading class java/lang/ArithmeticException
Event: 0.071 loading class java/lang/ArithmeticException done


Dynamic libraries:
0x00007ff7eba00000 - 0x00007ff7eba31000 	C:\Program Files\Android\Android Studio\jre\bin\java.exe
0x00007ff8cb690000 - 0x00007ff8cb870000 	C:\WINDOWS\SYSTEM32\ntdll.dll
0x00007ff8c9b80000 - 0x00007ff8c9c2e000 	C:\WINDOWS\System32\KERNEL32.DLL
0x00007ff8c8570000 - 0x00007ff8c87d6000 	C:\WINDOWS\System32\KERNELBASE.dll
0x00007ff8c9d10000 - 0x00007ff8c9db1000 	C:\WINDOWS\System32\ADVAPI32.dll
0x00007ff8c91f0000 - 0x00007ff8c928d000 	C:\WINDOWS\System32\msvcrt.dll
0x00007ff8ca0b0000 - 0x00007ff8ca10b000 	C:\WINDOWS\System32\sechost.dll
0x00007ff8c9f90000 - 0x00007ff8ca0af000 	C:\WINDOWS\System32\RPCRT4.dll
0x00007ff8c9290000 - 0x00007ff8c941f000 	C:\WINDOWS\System32\USER32.dll
0x00007ff8c8550000 - 0x00007ff8c8570000 	C:\WINDOWS\System32\win32u.dll
0x00007ff8c9c30000 - 0x00007ff8c9c58000 	C:\WINDOWS\System32\GDI32.dll
0x00007ff8c83b0000 - 0x00007ff8c8543000 	C:\WINDOWS\System32\gdi32full.dll
0x00007ff8c8310000 - 0x00007ff8c83ab000 	C:\WINDOWS\System32\msvcp_win.dll
0x00007ff8c89b0000 - 0x00007ff8c8aa6000 	C:\WINDOWS\System32\ucrtbase.dll
0x00007ff8b6110000 - 0x00007ff8b6379000 	C:\WINDOWS\WinSxS\amd64_microsoft.windows.common-controls_6595b64144ccf1df_6.0.16299.125_none_15cbcf8893620c09\COMCTL32.dll
0x00007ff8c9420000 - 0x00007ff8c9728000 	C:\WINDOWS\System32\combase.dll
0x00007ff8c7af0000 - 0x00007ff8c7b62000 	C:\WINDOWS\System32\bcryptPrimitives.dll
0x00007ff8c99a0000 - 0x00007ff8c99cd000 	C:\WINDOWS\System32\IMM32.DLL
0x0000000054590000 - 0x0000000054662000 	C:\Program Files\Android\Android Studio\jre\jre\bin\msvcr100.dll
0x0000000054750000 - 0x0000000054f8c000 	C:\Program Files\Android\Android Studio\jre\jre\bin\server\jvm.dll
0x00007ff8c9910000 - 0x00007ff8c9918000 	C:\WINDOWS\System32\PSAPI.DLL
0x00007ff8c39a0000 - 0x00007ff8c39a9000 	C:\WINDOWS\SYSTEM32\WSOCK32.dll
0x00007ff8c97e0000 - 0x00007ff8c984c000 	C:\WINDOWS\System32\WS2_32.dll
0x00007ff8c3f50000 - 0x00007ff8c3f73000 	C:\WINDOWS\SYSTEM32\WINMM.dll
0x00007ff8bd190000 - 0x00007ff8bd19a000 	C:\WINDOWS\SYSTEM32\VERSION.dll
0x00007ff8c3f20000 - 0x00007ff8c3f4a000 	C:\WINDOWS\SYSTEM32\WINMMBASE.dll
0x00007ff8c7b70000 - 0x00007ff8c7bba000 	C:\WINDOWS\System32\cfgmgr32.dll
0x00007ff8c2300000 - 0x00007ff8c230f000 	C:\Program Files\Android\Android Studio\jre\jre\bin\verify.dll
0x00007ff8b9700000 - 0x00007ff8b9729000 	C:\Program Files\Android\Android Studio\jre\jre\bin\java.dll
0x00007ff8ba4e0000 - 0x00007ff8ba4f6000 	C:\Program Files\Android\Android Studio\jre\jre\bin\zip.dll

VM Arguments:
jvm_args: -Djava.awt.headless=true -Xmx1024M -Dfile.encoding=windows-1252 -Duser.country=US -Duser.language=en -Duser.variant 
java_command: com.android.dx.command.Main --dex --force-jumbo --num-threads=4 --multi-dex --output C:\Users\ayan khan\Desktop\website url wali app\LearningJuction apk\app\build\intermediates\transforms\dex\debug\folders\1000\5\slice_5 C:\Users\ayan khan\Desktop\website url wali app\LearningJuction apk\app\build\intermediates\transforms\instantRunSlicer\debug\folders\1\5\slice_5
java_class_path (initial): C:\Users\ayan khan\AppData\Local\Android\Sdk\build-tools\25.0.0\lib\dx.jar
Launcher Type: SUN_STANDARD

Environment Variables:
PATH=C:\WINDOWS\system32;C:\WINDOWS;C:\WINDOWS\System32\Wbem;C:\WINDOWS\System32\WindowsPowerShell\v1.0\;C:\Program Files\Git\cmd;C:\Users\ayan khan\AppData\Local\Microsoft\WindowsApps;
USERNAME=ayan khan
OS=Windows_NT
PROCESSOR_IDENTIFIER=Intel64 Family 6 Model 58 Stepping 9, GenuineIntel



---------------  S Y S T E M  ---------------

OS: Windows 10.0 , 64 bit Build 16299 (10.0.16299.15)

CPU:total 4 (2 cores per cpu, 2 threads per core) family 6 model 58 stepping 9, cmov, cx8, fxsr, mmx, sse, sse2, sse3, ssse3, sse4.1, sse4.2, popcnt, avx, aes, clmul, erms, ht, tsc, tscinvbit, tscinv

Memory: 4k page, physical 4056576k(420148k free), swap 7874204k(171096k free)

vm_info: OpenJDK 64-Bit Server VM (25.112-b06) for windows-amd64 JRE (1.8.0_112-release-b06), built on Dec  8 2016 00:54:26 by "builder" with MS VC++ 10.0 (VS2010)

time: Fri Dec 29 08:43:41 2017
elapsed time: 0 seconds (0d 0h 0m 0s)

